# JRE version: Java(TM) SE Runtime Environment (8.0_144-b01) (build 1.8.0_144-b01)
# Java VM: Java HotSpot(TM) 64-Bit Server VM (25.144-b01 mixed mode linux-amd64 compressed oops)
Heap:
 PSYoungGen      total 36864K, used 17370K [0x00000000d6f80000, 0x00000000db780000, 0x0000000100000000)
  eden space 31744K, 54% used [0x00000000d6f80000,0x00000000d8076858,0x00000000d8e80000)
  from space 5120K, 0% used [0x00000000d8e80000,0x00000000d8e80000,0x00000000d9380000)
  to   space 5120K, 0% used [0x00000000db280000,0x00000000db280000,0x00000000db780000)
 ParOldGen       total 74240K, used 15898K [0x0000000084e00000, 0x0000000089680000, 0x00000000d6f80000)
  object space 74240K, 21% used [0x0000000084e00000,0x0000000085d86a30,0x0000000089680000)
 Metaspace       used 21985K, capacity 22343K, committed 22704K, reserved 1069056K
  class space    used 2804K, capacity 2925K, committed 2992K, reserved 1048576K
GC Heap History (8 events):
Event: 0,961 GC heap before
{Heap before GC invocations=1 (full 0):
 PSYoungGen      total 36864K, used 31744K [0x00000000d6f80000, 0x00000000d9880000, 0x0000000100000000)
  eden space 31744K, 100% used [0x00000000d6f80000,0x00000000d8e80000,0x00000000d8e80000)
  from space 5120K, 0% used [0x00000000d9380000,0x00000000d9380000,0x00000000d9880000)
  to   space 5120K, 0% used [0x00000000d8e80000,0x00000000d8e80000,0x00000000d9380000)
 ParOldGen       total 84992K, used 0K [0x0000000084e00000, 0x000000008a100000, 0x00000000d6f80000)
  object space 84992K, 0% used [0x0000000084e00000,0x0000000084e00000,0x000000008a100000)
 Metaspace       used 14686K, capacity 14950K, committed 15104K, reserved 1062912K
  class space    used 1915K, capacity 2004K, committed 2048K, reserved 1048576K
Event: 0,969 GC heap after
Heap after GC invocations=1 (full 0):
 PSYoungGen      total 36864K, used 3504K [0x00000000d6f80000, 0x00000000d9880000, 0x0000000100000000)
  eden space 31744K, 0% used [0x00000000d6f80000,0x00000000d6f80000,0x00000000d8e80000)
  from space 5120K, 68% used [0x00000000d8e80000,0x00000000d91ec3d0,0x00000000d9380000)
  to   space 5120K, 0% used [0x00000000d9380000,0x00000000d9380000,0x00000000d9880000)
 ParOldGen       total 84992K, used 8016K [0x0000000084e00000, 0x000000008a100000, 0x00000000d6f80000)
  object space 84992K, 9% used [0x0000000084e00000,0x00000000855d4030,0x000000008a100000)
 Metaspace       used 14686K, capacity 14950K, committed 15104K, reserved 1062912K
  class space    used 1915K, capacity 2004K, committed 2048K, reserved 1048576K
}
Event: 1,822 GC heap before
{Heap before GC invocations=2 (full 0):
 PSYoungGen      total 36864K, used 35248K [0x00000000d6f80000, 0x00000000d9880000, 0x0000000100000000)
  eden space 31744K, 100% used [0x00000000d6f80000,0x00000000d8e80000,0x00000000d8e80000)
  from space 5120K, 68% used [0x00000000d8e80000,0x00000000d91ec3d0,0x00000000d9380000)
  to   space 5120K, 0% used [0x00000000d9380000,0x00000000d9380000,0x00000000d9880000)
 ParOldGen       total 84992K, used 8016K [0x0000000084e00000, 0x000000008a100000, 0x00000000d6f80000)
  object space 84992K, 9% used [0x0000000084e00000,0x00000000855d4030,0x000000008a100000)
 Metaspace       used 20332K, capacity 20630K, committed 20992K, reserved 1067008K
  class space    used 2656K, capacity 2762K, committed 2816K, reserved 1048576K
Event: 1,837 GC heap after
Heap after GC invocations=2 (full 0):
 PSYoungGen      total 36864K, used 5098K [0x00000000d6f80000, 0x00000000db780000, 0x0000000100000000)
  eden space 31744K, 0% used [0x00000000d6f80000,0x00000000d6f80000,0x00000000d8e80000)
  from space 5120K, 99% used [0x00000000d9380000,0x00000000d987aaf8,0x00000000d9880000)
  to   space 5120K, 0% used [0x00000000d8e80000,0x00000000d8e80000,0x00000000d9380000)
 ParOldGen       total 84992K, used 11353K [0x0000000084e00000, 0x000000008a100000, 0x00000000d6f80000)
  object space 84992K, 13% used [0x0000000084e00000,0x00000000859167a8,0x000000008a100000)
 Metaspace       used 20332K, capacity 20630K, committed 20992K, reserved 1067008K
  class space    used 2656K, capacity 2762K, committed 2816K, reserved 1048576K
}
Event: 2,071 GC heap before
{Heap before GC invocations=3 (full 0):
 PSYoungGen      total 36864K, used 10686K [0x00000000d6f80000, 0x00000000db780000, 0x0000000100000000)
  eden space 31744K, 17% used [0x00000000d6f80000,0x00000000d74f4ef0,0x00000000d8e80000)
  from space 5120K, 99% used [0x00000000d9380000,0x00000000d987aaf8,0x00000000d9880000)
  to   space 5120K, 0% used [0x00000000d8e80000,0x00000000d8e80000,0x00000000d9380000)
 ParOldGen       total 84992K, used 11353K [0x0000000084e00000, 0x000000008a100000, 0x00000000d6f80000)
  object space 84992K, 13% used [0x0000000084e00000,0x00000000859167a8,0x000000008a100000)
 Metaspace       used 20867K, capacity 21179K, committed 21296K, reserved 1067008K
  class space    used 2735K, capacity 2859K, committed 2864K, reserved 1048576K
Event: 2,077 GC heap after
Heap after GC invocations=3 (full 0):
 PSYoungGen      total 36864K, used 5088K [0x00000000d6f80000, 0x00000000db780000, 0x0000000100000000)
  eden space 31744K, 0% used [0x00000000d6f80000,0x00000000d6f80000,0x00000000d8e80000)
  from space 5120K, 99% used [0x00000000d8e80000,0x00000000d9378318,0x00000000d9380000)
  to   space 5120K, 0% used [0x00000000db280000,0x00000000db280000,0x00000000db780000)
 ParOldGen       total 84992K, used 11772K [0x0000000084e00000, 0x000000008a100000, 0x00000000d6f80000)
  object space 84992K, 13% used [0x0000000084e00000,0x000000008597f100,0x000000008a100000)
 Metaspace       used 20867K, capacity 21179K, committed 21296K, reserved 1067008K
  class space    used 2735K, capacity 2859K, committed 2864K, reserved 1048576K
}
Event: 2,077 GC heap before
{Heap before GC invocations=4 (full 1):
 PSYoungGen      total 36864K, used 5088K [0x00000000d6f80000, 0x00000000db780000, 0x0000000100000000)
  eden space 31744K, 0% used [0x00000000d6f80000,0x00000000d6f80000,0x00000000d8e80000)
  from space 5120K, 99% used [0x00000000d8e80000,0x00000000d9378318,0x00000000d9380000)
  to   space 5120K, 0% used [0x00000000db280000,0x00000000db280000,0x00000000db780000)
 ParOldGen       total 84992K, used 11772K [0x0000000084e00000, 0x000000008a100000, 0x00000000d6f80000)
  object space 84992K, 13% used [0x0000000084e00000,0x000000008597f100,0x000000008a100000)
 Metaspace       used 20867K, capacity 21179K, committed 21296K, reserved 1067008K
  class space    used 2735K, capacity 2859K, committed 2864K, reserved 1048576K
Event: 2,112 GC heap after
Heap after GC invocations=4 (full 1):
 PSYoungGen      total 36864K, used 0K [0x00000000d6f80000, 0x00000000db780000, 0x0000000100000000)
  eden space 31744K, 0% used [0x00000000d6f80000,0x00000000d6f80000,0x00000000d8e80000)
  from space 5120K, 0% used [0x00000000d8e80000,0x00000000d8e80000,0x00000000d9380000)
  to   space 5120K, 0% used [0x00000000db280000,0x00000000db280000,0x00000000db780000)
 ParOldGen       total 74240K, used 15898K [0x0000000084e00000, 0x0000000089680000, 0x00000000d6f80000)
  object space 74240K, 21% used [0x0000000084e00000,0x0000000085d86a30,0x0000000089680000)
 Metaspace       used 20867K, capacity 21179K, committed 21296K, reserved 1067008K
  class space    used 2735K, capacity 2859K, committed 2864K, reserved 1048576K
}

