# JRE version: Java(TM) SE Runtime Environment (8.0_144-b01) (build 1.8.0_144-b01)
# Java VM: Java HotSpot(TM) 64-Bit Server VM (25.144-b01 mixed mode linux-amd64 compressed oops)
Heap:
 PSYoungGen      total 36864K, used 21354K [0x00000000d6f80000, 0x00000000db780000, 0x0000000100000000)
  eden space 31744K, 67% used [0x00000000d6f80000,0x00000000d845aa10,0x00000000d8e80000)
  from space 5120K, 0% used [0x00000000d8e80000,0x00000000d8e80000,0x00000000d9380000)
  to   space 5120K, 0% used [0x00000000db280000,0x00000000db280000,0x00000000db780000)
 ParOldGen       total 77312K, used 16655K [0x0000000084e00000, 0x0000000089980000, 0x00000000d6f80000)
  object space 77312K, 21% used [0x0000000084e00000,0x0000000085e43f58,0x0000000089980000)
 Metaspace       used 22034K, capacity 22407K, committed 22704K, reserved 1069056K
  class space    used 2794K, capacity 2925K, committed 2992K, reserved 1048576K
GC Heap History (8 events):
Event: 1,078 GC heap before
{Heap before GC invocations=1 (full 0):
 PSYoungGen      total 36864K, used 31744K [0x00000000d6f80000, 0x00000000d9880000, 0x0000000100000000)
  eden space 31744K, 100% used [0x00000000d6f80000,0x00000000d8e80000,0x00000000d8e80000)
  from space 5120K, 0% used [0x00000000d9380000,0x00000000d9380000,0x00000000d9880000)
  to   space 5120K, 0% used [0x00000000d8e80000,0x00000000d8e80000,0x00000000d9380000)
 ParOldGen       total 84992K, used 0K [0x0000000084e00000, 0x000000008a100000, 0x00000000d6f80000)
  object space 84992K, 0% used [0x0000000084e00000,0x0000000084e00000,0x000000008a100000)
 Metaspace       used 14679K, capacity 14950K, committed 15104K, reserved 1062912K
  class space    used 1909K, capacity 2004K, committed 2048K, reserved 1048576K
Event: 1,086 GC heap after
Heap after GC invocations=1 (full 0):
 PSYoungGen      total 36864K, used 3500K [0x00000000d6f80000, 0x00000000d9880000, 0x0000000100000000)
  eden space 31744K, 0% used [0x00000000d6f80000,0x00000000d6f80000,0x00000000d8e80000)
  from space 5120K, 68% used [0x00000000d8e80000,0x00000000d91eb0b8,0x00000000d9380000)
  to   space 5120K, 0% used [0x00000000d9380000,0x00000000d9380000,0x00000000d9880000)
 ParOldGen       total 84992K, used 8016K [0x0000000084e00000, 0x000000008a100000, 0x00000000d6f80000)
  object space 84992K, 9% used [0x0000000084e00000,0x00000000855d4030,0x000000008a100000)
 Metaspace       used 14679K, capacity 14950K, committed 15104K, reserved 1062912K
  class space    used 1909K, capacity 2004K, committed 2048K, reserved 1048576K
}
Event: 1,967 GC heap before
{Heap before GC invocations=2 (full 0):
 PSYoungGen      total 36864K, used 35244K [0x00000000d6f80000, 0x00000000d9880000, 0x0000000100000000)
  eden space 31744K, 100% used [0x00000000d6f80000,0x00000000d8e80000,0x00000000d8e80000)
  from space 5120K, 68% used [0x00000000d8e80000,0x00000000d91eb0b8,0x00000000d9380000)
  to   space 5120K, 0% used [0x00000000d9380000,0x00000000d9380000,0x00000000d9880000)
 ParOldGen       total 84992K, used 8016K [0x0000000084e00000, 0x000000008a100000, 0x00000000d6f80000)
  object space 84992K, 9% used [0x0000000084e00000,0x00000000855d4030,0x000000008a100000)
 Metaspace       used 20318K, capacity 20690K, committed 20992K, reserved 1067008K
  class space    used 2648K, capacity 2762K, committed 2816K, reserved 1048576K
Event: 1,980 GC heap after
Heap after GC invocations=2 (full 0):
 PSYoungGen      total 36864K, used 5116K [0x00000000d6f80000, 0x00000000db780000, 0x0000000100000000)
  eden space 31744K, 0% used [0x00000000d6f80000,0x00000000d6f80000,0x00000000d8e80000)
  from space 5120K, 99% used [0x00000000d9380000,0x00000000d987f358,0x00000000d9880000)
  to   space 5120K, 0% used [0x00000000d8e80000,0x00000000d8e80000,0x00000000d9380000)
 ParOldGen       total 84992K, used 11412K [0x0000000084e00000, 0x000000008a100000, 0x00000000d6f80000)
  object space 84992K, 13% used [0x0000000084e00000,0x00000000859252a8,0x000000008a100000)
 Metaspace       used 20318K, capacity 20690K, committed 20992K, reserved 1067008K
  class space    used 2648K, capacity 2762K, committed 2816K, reserved 1048576K
}
Event: 2,227 GC heap before
{Heap before GC invocations=3 (full 0):
 PSYoungGen      total 36864K, used 10209K [0x00000000d6f80000, 0x00000000db780000, 0x0000000100000000)
  eden space 31744K, 16% used [0x00000000d6f80000,0x00000000d7479110,0x00000000d8e80000)
  from space 5120K, 99% used [0x00000000d9380000,0x00000000d987f358,0x00000000d9880000)
  to   space 5120K, 0% used [0x00000000d8e80000,0x00000000d8e80000,0x00000000d9380000)
 ParOldGen       total 84992K, used 11412K [0x0000000084e00000, 0x000000008a100000, 0x00000000d6f80000)
  object space 84992K, 13% used [0x0000000084e00000,0x00000000859252a8,0x000000008a100000)
 Metaspace       used 20847K, capacity 21143K, committed 21296K, reserved 1067008K
  class space    used 2722K, capacity 2827K, committed 2864K, reserved 1048576K
Event: 2,235 GC heap after
Heap after GC invocations=3 (full 0):
 PSYoungGen      total 36864K, used 5116K [0x00000000d6f80000, 0x00000000db780000, 0x0000000100000000)
  eden space 31744K, 0% used [0x00000000d6f80000,0x00000000d6f80000,0x00000000d8e80000)
  from space 5120K, 99% used [0x00000000d8e80000,0x00000000d937f358,0x00000000d9380000)
  to   space 5120K, 0% used [0x00000000db280000,0x00000000db280000,0x00000000db780000)
 ParOldGen       total 84992K, used 12116K [0x0000000084e00000, 0x000000008a100000, 0x00000000d6f80000)
  object space 84992K, 14% used [0x0000000084e00000,0x00000000859d51b8,0x000000008a100000)
 Metaspace       used 20847K, capacity 21143K, committed 21296K, reserved 1067008K
  class space    used 2722K, capacity 2827K, committed 2864K, reserved 1048576K
}
Event: 2,235 GC heap before
{Heap before GC invocations=4 (full 1):
 PSYoungGen      total 36864K, used 5116K [0x00000000d6f80000, 0x00000000db780000, 0x0000000100000000)
  eden space 31744K, 0% used [0x00000000d6f80000,0x00000000d6f80000,0x00000000d8e80000)
  from space 5120K, 99% used [0x00000000d8e80000,0x00000000d937f358,0x00000000d9380000)
  to   space 5120K, 0% used [0x00000000db280000,0x00000000db280000,0x00000000db780000)
 ParOldGen       total 84992K, used 12116K [0x0000000084e00000, 0x000000008a100000, 0x00000000d6f80000)
  object space 84992K, 14% used [0x0000000084e00000,0x00000000859d51b8,0x000000008a100000)
 Metaspace       used 20847K, capacity 21143K, committed 21296K, reserved 1067008K
  class space    used 2722K, capacity 2827K, committed 2864K, reserved 1048576K
Event: 2,289 GC heap after
Heap after GC invocations=4 (full 1):
 PSYoungGen      total 36864K, used 0K [0x00000000d6f80000, 0x00000000db780000, 0x0000000100000000)
  eden space 31744K, 0% used [0x00000000d6f80000,0x00000000d6f80000,0x00000000d8e80000)
  from space 5120K, 0% used [0x00000000d8e80000,0x00000000d8e80000,0x00000000d9380000)
  to   space 5120K, 0% used [0x00000000db280000,0x00000000db280000,0x00000000db780000)
 ParOldGen       total 77312K, used 16655K [0x0000000084e00000, 0x0000000089980000, 0x00000000d6f80000)
  object space 77312K, 21% used [0x0000000084e00000,0x0000000085e43f58,0x0000000089980000)
 Metaspace       used 20847K, capacity 21143K, committed 21296K, reserved 1067008K
  class space    used 2722K, capacity 2827K, committed 2864K, reserved 1048576K
}

